Determining if the pthread_create exist failed with the following output:
Change Dir: /home/daviz/kinova_mod/build/j2n6s300_ikfast/CMakeFiles/CMakeTmp

Run Build Command:"/usr/bin/make" "cmTC_ab77a/fast"
/usr/bin/make -f CMakeFiles/cmTC_ab77a.dir/build.make CMakeFiles/cmTC_ab77a.dir/build
make[1]: Entering directory '/home/daviz/kinova_mod/build/j2n6s300_ikfast/CMakeFiles/CMakeTmp'
Building C object CMakeFiles/cmTC_ab77a.dir/CheckSymbolExists.c.o
/usr/bin/cc     -o CMakeFiles/cmTC_ab77a.dir/CheckSymbolExists.c.o   -c /home/daviz/kinova_mod/build/j2n6s300_ikfast/CMakeFiles/CMakeTmp/CheckSymbolExists.c
Linking C executable cmTC_ab77a
/usr/bin/cmake -E cmake_link_script CMakeFiles/cmTC_ab77a.dir/link.txt --verbose=1
/usr/bin/cc       CMakeFiles/cmTC_ab77a.dir/CheckSymbolExists.c.o  -o cmTC_ab77a -rdynamic 
CMakeFiles/cmTC_ab77a.dir/CheckSymbolExists.c.o: In function `main':
CheckSymbolExists.c:(.text+0x16): undefined reference to `pthread_create'
collect2: error: ld returned 1 exit status
CMakeFiles/cmTC_ab77a.dir/build.make:97: recipe for target 'cmTC_ab77a' failed
make[1]: *** [cmTC_ab77a] Error 1
make[1]: Leaving directory '/home/daviz/kinova_mod/build/j2n6s300_ikfast/CMakeFiles/CMakeTmp'
Makefile:126: recipe for target 'cmTC_ab77a/fast' failed
make: *** [cmTC_ab77a/fast] Error 2

File /home/daviz/kinova_mod/build/j2n6s300_ikfast/CMakeFiles/CMakeTmp/CheckSymbolExists.c:
/* */
#include <pthread.h>

int main(int argc, char** argv)
{
  (void)argv;
#ifndef pthread_create
  return ((int*)(&pthread_create))[argc];
#else
  (void)argc;
  return 0;
#endif
}

Determining if the function pthread_create exists in the pthreads failed with the following output:
Change Dir: /home/daviz/kinova_mod/build/j2n6s300_ikfast/CMakeFiles/CMakeTmp

Run Build Command:"/usr/bin/make" "cmTC_17c5b/fast"
/usr/bin/make -f CMakeFiles/cmTC_17c5b.dir/build.make CMakeFiles/cmTC_17c5b.dir/build
make[1]: Entering directory '/home/daviz/kinova_mod/build/j2n6s300_ikfast/CMakeFiles/CMakeTmp'
Building C object CMakeFiles/cmTC_17c5b.dir/CheckFunctionExists.c.o
/usr/bin/cc    -DCHECK_FUNCTION_EXISTS=pthread_create   -o CMakeFiles/cmTC_17c5b.dir/CheckFunctionExists.c.o   -c /usr/share/cmake-3.5/Modules/CheckFunctionExists.c
Linking C executable cmTC_17c5b
/usr/bin/cmake -E cmake_link_script CMakeFiles/cmTC_17c5b.dir/link.txt --verbose=1
/usr/bin/cc   -DCHECK_FUNCTION_EXISTS=pthread_create    CMakeFiles/cmTC_17c5b.dir/CheckFunctionExists.c.o  -o cmTC_17c5b -rdynamic -lpthreads 
/usr/bin/ld: cannot find -lpthreads
collect2: error: ld returned 1 exit status
CMakeFiles/cmTC_17c5b.dir/build.make:97: recipe for target 'cmTC_17c5b' failed
make[1]: *** [cmTC_17c5b] Error 1
make[1]: Leaving directory '/home/daviz/kinova_mod/build/j2n6s300_ikfast/CMakeFiles/CMakeTmp'
Makefile:126: recipe for target 'cmTC_17c5b/fast' failed
make: *** [cmTC_17c5b/fast] Error 2


