Determining if the pthread_create exist failed with the following output:
Change Dir: /home/daviz/kinova_mod/build/kinova_gazebo_mod/CMakeFiles/CMakeTmp

Run Build Command:"/usr/bin/make" "cmTC_95429/fast"
/usr/bin/make -f CMakeFiles/cmTC_95429.dir/build.make CMakeFiles/cmTC_95429.dir/build
make[1]: Entering directory '/home/daviz/kinova_mod/build/kinova_gazebo_mod/CMakeFiles/CMakeTmp'
Building C object CMakeFiles/cmTC_95429.dir/CheckSymbolExists.c.o
/usr/bin/cc     -o CMakeFiles/cmTC_95429.dir/CheckSymbolExists.c.o   -c /home/daviz/kinova_mod/build/kinova_gazebo_mod/CMakeFiles/CMakeTmp/CheckSymbolExists.c
Linking C executable cmTC_95429
/usr/bin/cmake -E cmake_link_script CMakeFiles/cmTC_95429.dir/link.txt --verbose=1
/usr/bin/cc       CMakeFiles/cmTC_95429.dir/CheckSymbolExists.c.o  -o cmTC_95429 -rdynamic 
CMakeFiles/cmTC_95429.dir/CheckSymbolExists.c.o: In function `main':
CheckSymbolExists.c:(.text+0x16): undefined reference to `pthread_create'
collect2: error: ld returned 1 exit status
CMakeFiles/cmTC_95429.dir/build.make:97: recipe for target 'cmTC_95429' failed
make[1]: *** [cmTC_95429] Error 1
make[1]: Leaving directory '/home/daviz/kinova_mod/build/kinova_gazebo_mod/CMakeFiles/CMakeTmp'
Makefile:126: recipe for target 'cmTC_95429/fast' failed
make: *** [cmTC_95429/fast] Error 2

File /home/daviz/kinova_mod/build/kinova_gazebo_mod/CMakeFiles/CMakeTmp/CheckSymbolExists.c:
/* */
#include <pthread.h>

int main(int argc, char** argv)
{
  (void)argv;
#ifndef pthread_create
  return ((int*)(&pthread_create))[argc];
#else
  (void)argc;
  return 0;
#endif
}

Determining if the function pthread_create exists in the pthreads failed with the following output:
Change Dir: /home/daviz/kinova_mod/build/kinova_gazebo_mod/CMakeFiles/CMakeTmp

Run Build Command:"/usr/bin/make" "cmTC_ed439/fast"
/usr/bin/make -f CMakeFiles/cmTC_ed439.dir/build.make CMakeFiles/cmTC_ed439.dir/build
make[1]: Entering directory '/home/daviz/kinova_mod/build/kinova_gazebo_mod/CMakeFiles/CMakeTmp'
Building C object CMakeFiles/cmTC_ed439.dir/CheckFunctionExists.c.o
/usr/bin/cc    -DCHECK_FUNCTION_EXISTS=pthread_create   -o CMakeFiles/cmTC_ed439.dir/CheckFunctionExists.c.o   -c /usr/share/cmake-3.5/Modules/CheckFunctionExists.c
Linking C executable cmTC_ed439
/usr/bin/cmake -E cmake_link_script CMakeFiles/cmTC_ed439.dir/link.txt --verbose=1
/usr/bin/cc   -DCHECK_FUNCTION_EXISTS=pthread_create    CMakeFiles/cmTC_ed439.dir/CheckFunctionExists.c.o  -o cmTC_ed439 -rdynamic -lpthreads 
/usr/bin/ld: cannot find -lpthreads
collect2: error: ld returned 1 exit status
CMakeFiles/cmTC_ed439.dir/build.make:97: recipe for target 'cmTC_ed439' failed
make[1]: *** [cmTC_ed439] Error 1
make[1]: Leaving directory '/home/daviz/kinova_mod/build/kinova_gazebo_mod/CMakeFiles/CMakeTmp'
Makefile:126: recipe for target 'cmTC_ed439/fast' failed
make: *** [cmTC_ed439/fast] Error 2


